All Apis List:  
OPTIONS ACL BIND CHECKOUT CONNECT COPY DELETE GET HEAD LINK LOCK M-SEARCH MERGE MKACTIVITY MKCALENDAR MKCOL MOVE NOTIFY OPTIONS PATCH POST PROPFIND PROPPATCH PURGE PUT REBIND REPORT SEARCH SOURCE SUBSCRIBE TRACE UNBIND UNLINK UNLOCK UNSUBSCRIBE  *
GET  /api/accounts
GET  /api/accounts/getbalance
GET  /api/accounts/getpublickey
POST  /api/accounts/generatepublickey
GET  /api/accounts/new
GET  /api/accounts/top
GET  /api/accounts/count
POST  /api/accounts/open
POST  /api/accounts/open2
GET  /api/blocks
GET  /api/blocks/get
GET  /api/blocks/full
GET  /api/blocks/getfee
GET  /api/blocks/getmilestone
GET  /api/blocks/getreward
GET  /api/blocks/getsupply
GET  /api/blocks/getheight
GET  /api/blocks/getstatus
GET PUT  /api/delegates
GET  /api/delegates/get
GET  /api/delegates/count
GET  /api/delegates/voters
GET  /api/delegates/fee
GET  /api/delegates/forging/getforgedbyaccount
POST  /api/delegates/forging/enable
POST  /api/delegates/forging/disable
GET  /api/delegates/forging/status
GET  /api/loader/status
GET  /api/loader/status/sync
PUT  /api/multisignatures
POST  /api/multisignatures/sign
GET  /api/multisignatures/pending
GET  /api/multisignatures/accounts
GET  /api/network
GET  /api/peers
GET  /api/peers/get
GET  /api/peers/version
PUT  /api/signatures
GET  /api/signatures/fee
GET PUT  /api/transactions
GET  /api/transactions/get
GET  /api/transactions/spell
GET  /api/transactions/unconfirmed
GET  /api/transactions/unconfirmed/get
GET PUT  /api/votes
GET  /api/votes/fee
GET  /peer/height
GET  /peer/all
POST  /peer/propose
POST  /peer/votes
GET POST  /peer/signatures
GET POST  /peer/transactions
POST GET  /peer/blocks
GET  /peer/blocks/common
GET  /api/evidences/ipid/:ipid
GET  /api/evidences/ipid/:ipid/all
GET  /api/evidences/title/:title
GET  /api/evidences/title/:title/all
GET  /api/evidences/hash/:hash
GET  /api/evidences/hash/:hash/all
GET  /api/evidences/author/:author
GET  /api/evidences/author/:author/all
GET  /api/evidences/url/:url
GET  /api/evidences/url/:url/all
GET  /api/evidences/type/:type
GET  /api/evidences/type/:type/all
GET  /api/evidences/transaction/:trs_id
GET  /api/evidences/all
GET  /api/aob/issuers
GET  /api/aob/issuers/:name
GET  /api/aob/issuers/name/:name
GET  /api/aob/issuers/name/:name/all
GET  /api/aob/issuers/desc/:desc
GET  /api/aob/issuers/desc/:desc/all
GET  /api/aob/issuers/transaction/:trs_id
GET  /api/aob/issuers/all
GET  /api/aob/assets
GET  /api/aob/assets/balances/:address
GET  /api/aob/assets/balances/:address/:currency
GET  /api/aob/assets/issuers/:name/assets
GET  /api/aob/assets/:name
GET  /api/aob/assets/:name/acl/:flag
GET  /api/aob/assets/name/:name
GET  /api/aob/assets/name/:name/all
GET  /api/aob/assets/desc/:desc
GET  /api/aob/assets/desc/:desc/all
GET  /api/aob/assets/transaction/:trs_id
GET  /api/aob/assets/all
GET  /api/aob/flags/currency/:currency
GET  /api/aob/flags/currency/:currency/all
GET  /api/aob/flags/flag/:flag
GET  /api/aob/flags/flag/:flag/all
GET  /api/aob/flags/flag_type/:flag_type
GET  /api/aob/flags/flag_type/:flag_type/all
GET  /api/aob/flags/transaction/:trs_id
GET  /api/aob/flags/all
GET  /api/aob/acls/currency/:currency
GET  /api/aob/acls/currency/:currency/all
GET  /api/aob/acls/flag/:flag
GET  /api/aob/acls/flag/:flag/all
GET  /api/aob/acls/operator/:operator
GET  /api/aob/acls/operator/:operator/all
GET  /api/aob/acls/list/:list
GET  /api/aob/acls/list/:list/all
GET  /api/aob/acls/transaction/:trs_id
GET  /api/aob/acls/all
GET  /api/aob/issues/currency/:currency
GET  /api/aob/issues/currency/:currency/all
GET  /api/aob/issues/transaction/:trs_id
GET  /api/aob/issues/all
PUT  /api/aob/transfers
GET  /api/aob/transfers/my/:address/
GET  /api/aob/transfers/my/:address/:currency
GET  /api/aob/transfers/:currency
GET  /api/aob/transfers/transaction/:trs_id
GET  /api/aob/transfers/all
PUT GET  /api/dapps
GET  /api/dapps/dappId/:id
GET  /api/dapps/installedIds
GET  /api/dapps/installed
POST  /api/dapps/install
POST  /api/dapps/uninstall
POST  /api/dapps/launch
GET  /api/dapps/launch/lasterror
POST  /api/dapps/stop
GET  /api/dapps/installing
GET  /api/dapps/removing
GET  /api/dapps/launched
GET  /api/dapps/categories
GET  /api/dapps/balances/:dappid
GET  /api/dapps/balances/:dappid/:currency
GET  /api/dapps/name/:name
GET  /api/dapps/name/:name/all
GET  /api/dapps/link/:link
GET  /api/dapps/link/:link/all
GET  /api/dapps/type/:type
GET  /api/dapps/type/:type/all
GET  /api/dapps/category/:category
GET  /api/dapps/category/:category/all
GET  /api/dapps/unlock_delegates/:unlock_delegates
GET  /api/dapps/unlock_delegates/:unlock_delegates/all
GET  /api/dapps/transaction/:trs_id
GET  /api/dapps/all
GET  /api/dapp/ins/dapp_id/:dapp_id
GET  /api/dapp/ins/dapp_id/:dapp_id/all
GET  /api/dapp/ins/currency/:currency
GET  /api/dapp/ins/currency/:currency/all
GET  /api/dapp/ins/transaction/:trs_id
GET  /api/dapp/ins/all
GET  /api/dapp/outs/dapp_id/:dapp_id
GET  /api/dapp/outs/dapp_id/:dapp_id/all
GET  /api/dapp/outs/currency/:currency
GET  /api/dapp/outs/currency/:currency/all
GET  /api/dapp/outs/amount/:amount
GET  /api/dapp/outs/amount/:amount/all
GET  /api/dapp/outs/transaction/:trs_id
GET  /api/dapp/outs/all
GET PUT  /api/dao/orgs
GET  /api/dao/orgs/:org_id
GET  /api/dao/orgs/address/:address
GET  /api/dao/orgs/org_id/:org_id
GET  /api/dao/orgs/org_id/:org_id/all
GET  /api/dao/orgs/tags/:tags
GET  /api/dao/orgs/tags/:tags/all
GET  /api/dao/orgs/state/:state
GET  /api/dao/orgs/state/:state/all
GET  /api/dao/orgs/transaction/:trs_id
GET  /api/dao/orgs/all
PUT  /api/dao/exchanges
GET  /api/dao/exchanges/org_id/:org_id
GET  /api/dao/exchanges/org_id/:org_id/all
GET  /api/dao/exchanges/sender_address/:sender_address
GET  /api/dao/exchanges/sender_address/:sender_address/all
GET  /api/dao/exchanges/received_address/:received_address
GET  /api/dao/exchanges/received_address/:received_address/all
GET  /api/dao/exchanges/price/:price
GET  /api/dao/exchanges/price/:price/all
GET  /api/dao/exchanges/state/:state
GET  /api/dao/exchanges/state/:state/all
GET  /api/dao/exchanges/transaction/:trs_id
GET  /api/dao/exchanges/all
GET  /api/dao/contributions
PUT  /api/dao/contributions/:org_id
GET  /api/dao/contributions/:org_id/all
GET  /api/dao/contributions/transaction/:trs_id
GET  /api/dao/contributions/all
PUT  /api/dao/confirmations
GET  /api/dao/confirmations/:org_id/all
GET  /api/dao/confirmations/transaction/:trs_id
GET  /api/dao/confirmations/all

 Created at: Mon Sep 14 2020 17:54:59 GMT-1000 (Hawaii-Aleutian Standard Time)